#
# There is insufficient memory for the Java Runtime Environment to continue.
# Native memory allocation (mmap) failed to map 123731968 bytes for Failed to commit area from 0x000000008ac00000 to 0x0000000092200000 of length 123731968.
# Possible reasons:
#   The system is out of physical RAM or swap space
#   The process is running with CompressedOops enabled, and the Java Heap may be blocking the growth of the native heap
# Possible solutions:
#   Reduce memory load on the system
#   Increase physical memory or swap space
#   Check if swap backing store is full
#   Decrease Java heap size (-Xmx/-Xms)
#   Decrease number of Java threads
#   Decrease Java thread stack sizes (-Xss)
#   Set larger code cache with -XX:ReservedCodeCacheSize=
# This output file may be truncated or incomplete.
#
#  Out of Memory Error (./src/hotspot/os/windows/os_windows.cpp:3301), pid=31620, tid=6856
#
# JRE version:  (11.0.11+9) (build )
# Java VM: OpenJDK 64-Bit Server VM (11.0.11+9-b60-7590822, mixed mode, sharing, tiered, compressed oops, g1 gc, windows-amd64)
# No core dump will be written. Minidumps are not enabled by default on client versions of Windows
#

---------------  S U M M A R Y ------------

Command Line: 

Host: AMD Ryzen 5 5500U with Radeon Graphics         , 12 cores, 7G,  Windows 10 , 64 bit Build 22621 (10.0.22621.4391)
Time: Tue Jan  7 01:32:59 2025 South Africa Standard Time elapsed time: 0.081662 seconds (0d 0h 0m 0s)

---------------  T H R E A D  ---------------

Current thread (0x000002e9bab91800):  JavaThread "Unknown thread" [_thread_in_vm, id=6856, stack(0x000000fb13500000,0x000000fb13600000)]

Stack: [0x000000fb13500000,0x000000fb13600000]
Native frames: (J=compiled Java code, j=interpreted, Vv=VM code, C=native code)
V  [jvm.dll+0x5f214a]
V  [jvm.dll+0x726fb5]
V  [jvm.dll+0x7285cd]
V  [jvm.dll+0x728c83]
V  [jvm.dll+0x243278]
V  [jvm.dll+0x5ef544]
V  [jvm.dll+0x5e4495]
V  [jvm.dll+0x2fec5b]
V  [jvm.dll+0x2febca]
V  [jvm.dll+0x2feaa2]
V  [jvm.dll+0x303986]
V  [jvm.dll+0x34c3a3]
V  [jvm.dll+0x34caa6]
V  [jvm.dll+0x34c4a3]
V  [jvm.dll+0x2d9688]
V  [jvm.dll+0x2da837]
V  [jvm.dll+0x705ba7]
V  [jvm.dll+0x70739c]
V  [jvm.dll+0x3598f9]
V  [jvm.dll+0x6e931e]
V  [jvm.dll+0x3c1c43]
V  [jvm.dll+0x3c3e81]
C  [jli.dll+0x5373]
C  [ucrtbase.dll+0x29333]
C  [KERNEL32.DLL+0x1259d]
C  [ntdll.dll+0x5af38]


---------------  P R O C E S S  ---------------

Threads class SMR info:
_java_thread_list=0x000002e9b8924d90, length=0, elements={
}

Java Threads: ( => current thread )

Other Threads:
  0x000002e9baba8800 GCTaskThread "GC Thread#0" [stack: 0x000000fb13600000,0x000000fb13700000] [id=19352]
  0x000002e9babd9000 ConcurrentGCThread "G1 Main Marker" [stack: 0x000000fb13700000,0x000000fb13800000] [id=19008]
  0x000002e9babdc000 ConcurrentGCThread "G1 Conc#0" [stack: 0x000000fb13800000,0x000000fb13900000] [id=55084]

[error occurred during error reporting (printing all threads), id 0xc0000005, EXCEPTION_ACCESS_VIOLATION (0xc0000005) at pc=0x00007fffd3aa9c47]

VM state:not at safepoint (not fully initialized)

VM Mutex/Monitor currently owned by a thread:  ([mutex/lock_event])
[0x000002e9bab8d2b0] Heap_lock - owner thread: 0x000002e9bab91800

Heap address: 0x000000008ac00000, size: 1876 MB, Compressed Oops mode: Non-zero based: 0x000000008ac00000
Narrow klass base: 0x0000000000000000, Narrow klass shift: 0

GC Heap History (0 events):
No events

Deoptimization events (0 events):
No events

Classes redefined (0 events):
No events

Internal exceptions (0 events):
No events

Events (1 events):
Event: 0.052 Loaded shared library C:\Program Files\Android\Android Studio\jre\bin\zip.dll


Dynamic libraries:
0x00007ff650ef0000 - 0x00007ff650efa000 	C:\Program Files\Android\Android Studio\jre\bin\java.EXE
0x00007ff8975b0000 - 0x00007ff8977c7000 	C:\WINDOWS\SYSTEM32\ntdll.dll
0x00007ff8967f0000 - 0x00007ff8968b4000 	C:\WINDOWS\System32\KERNEL32.DLL
0x00007ff894970000 - 0x00007ff894d2a000 	C:\WINDOWS\System32\KERNELBASE.dll
0x00007ff894e50000 - 0x00007ff894f61000 	C:\WINDOWS\System32\ucrtbase.dll
0x00007ff87d780000 - 0x00007ff87d799000 	C:\Program Files\Android\Android Studio\jre\bin\jli.dll
0x00007ff87a100000 - 0x00007ff87a117000 	C:\Program Files\Android\Android Studio\jre\bin\VCRUNTIME140.dll
0x00007ff8778c0000 - 0x00007ff877b52000 	C:\WINDOWS\WinSxS\amd64_microsoft.windows.common-controls_6595b64144ccf1df_6.0.22621.4541_none_2710d1c57384c085\COMCTL32.dll
0x00007ff897410000 - 0x00007ff8974b7000 	C:\WINDOWS\System32\msvcrt.dll
0x00007ff897260000 - 0x00007ff89740e000 	C:\WINDOWS\System32\USER32.dll
0x00007ff895ad0000 - 0x00007ff895af9000 	C:\WINDOWS\System32\GDI32.dll
0x00007ff894940000 - 0x00007ff894966000 	C:\WINDOWS\System32\win32u.dll
0x00007ff894d30000 - 0x00007ff894e4b000 	C:\WINDOWS\System32\gdi32full.dll
0x00007ff8950a0000 - 0x00007ff89513a000 	C:\WINDOWS\System32\msvcp_win.dll
0x00007ff897210000 - 0x00007ff897241000 	C:\WINDOWS\System32\IMM32.DLL
0x00007ff852c60000 - 0x00007ff852cfd000 	C:\Program Files\Android\Android Studio\jre\bin\msvcp140.dll
0x00007fffd37c0000 - 0x00007fffd4295000 	C:\Program Files\Android\Android Studio\jre\bin\server\jvm.dll
0x00007ff895360000 - 0x00007ff895412000 	C:\WINDOWS\System32\ADVAPI32.dll
0x00007ff8952b0000 - 0x00007ff895357000 	C:\WINDOWS\System32\sechost.dll
0x00007ff895070000 - 0x00007ff895098000 	C:\WINDOWS\System32\bcrypt.dll
0x00007ff8957b0000 - 0x00007ff8958c4000 	C:\WINDOWS\System32\RPCRT4.dll
0x00007ff8967e0000 - 0x00007ff8967e8000 	C:\WINDOWS\System32\PSAPI.DLL
0x00007ff88fdd0000 - 0x00007ff88fe04000 	C:\WINDOWS\SYSTEM32\WINMM.dll
0x00007ff86f820000 - 0x00007ff86f829000 	C:\WINDOWS\SYSTEM32\WSOCK32.dll
0x00007ff896aa0000 - 0x00007ff896b11000 	C:\WINDOWS\System32\WS2_32.dll
0x00007ff88cb90000 - 0x00007ff88cb9a000 	C:\WINDOWS\SYSTEM32\VERSION.dll
0x00007ff8938c0000 - 0x00007ff8938d8000 	C:\WINDOWS\SYSTEM32\kernel.appcore.dll
0x00007ff879fd0000 - 0x00007ff879fe1000 	C:\Program Files\Android\Android Studio\jre\bin\verify.dll
0x00007ff8921d0000 - 0x00007ff892402000 	C:\WINDOWS\SYSTEM32\DBGHELP.DLL
0x00007ff895420000 - 0x00007ff8957af000 	C:\WINDOWS\System32\combase.dll
0x00007ff8969c0000 - 0x00007ff896a97000 	C:\WINDOWS\System32\OLEAUT32.dll
0x00007ff87ab80000 - 0x00007ff87abb2000 	C:\WINDOWS\SYSTEM32\dbgcore.DLL
0x00007ff894f70000 - 0x00007ff894feb000 	C:\WINDOWS\System32\bcryptPrimitives.dll
0x00007ff8752d0000 - 0x00007ff8752f9000 	C:\Program Files\Android\Android Studio\jre\bin\java.dll
0x00007ff8903d0000 - 0x00007ff8903db000 	C:\Program Files\Android\Android Studio\jre\bin\jimage.dll
0x00007ff879f90000 - 0x00007ff879fa8000 	C:\Program Files\Android\Android Studio\jre\bin\zip.dll

dbghelp: loaded successfully - version: 4.0.5 - missing functions: none
symbol engine: initialized successfully - sym options: 0x614 - pdb path: .;C:\Program Files\Android\Android Studio\jre\bin;C:\WINDOWS\SYSTEM32;C:\WINDOWS\WinSxS\amd64_microsoft.windows.common-controls_6595b64144ccf1df_6.0.22621.4541_none_2710d1c57384c085;C:\Program Files\Android\Android Studio\jre\bin\server

VM Arguments:
java_command: <unknown>
java_class_path (initial): <not set>
Launcher Type: SUN_STANDARD

[Global flags]
     intx CICompilerCount                          = 4                                         {product} {ergonomic}
     uint ConcGCThreads                            = 3                                         {product} {ergonomic}
     uint G1ConcRefinementThreads                  = 10                                        {product} {ergonomic}
   size_t G1HeapRegionSize                         = 1048576                                   {product} {ergonomic}
    uintx GCDrainStackTargetSize                   = 64                                        {product} {ergonomic}
   size_t InitialHeapSize                          = 123731968                                 {product} {ergonomic}
   size_t MarkStackSize                            = 4194304                                   {product} {ergonomic}
   size_t MaxHeapSize                              = 1967128576                                {product} {ergonomic}
   size_t MinHeapDeltaBytes                        = 1048576                                   {product} {ergonomic}
    uintx NonNMethodCodeHeapSize                   = 5836300                                {pd product} {ergonomic}
    uintx NonProfiledCodeHeapSize                  = 122910970                              {pd product} {ergonomic}
    uintx ProfiledCodeHeapSize                     = 122910970                              {pd product} {ergonomic}
    uintx ReservedCodeCacheSize                    = 251658240                              {pd product} {ergonomic}
     bool SegmentedCodeCache                       = true                                      {product} {ergonomic}
     bool UseCompressedClassPointers               = true                                 {lp64_product} {ergonomic}
     bool UseCompressedOops                        = true                                 {lp64_product} {ergonomic}
     bool UseG1GC                                  = true                                      {product} {ergonomic}
     bool UseLargePagesIndividualAllocation        = false                                  {pd product} {ergonomic}

Logging:
Log output configuration:
 #0: stdout all=warning uptime,level,tags
 #1: stderr all=off uptime,level,tags

Environment Variables:
JAVA_HOME=C:\Program Files\Java\jdk-11
PATH=C:\Program Files\Common Files\Oracle\Java\javapath;C:\Program Files (x86)\Common Files\Oracle\Java\java8path;C:\Program Files (x86)\Common Files\Oracle\Java\javapath;C:\WINDOWS\system32;C:\WINDOWS;C:\WINDOWS\System32\Wbem;C:\WINDOWS\System32\WindowsPowerShell\v1.0\;C:\WINDOWS\System32\OpenSSH\;C:\Program Files\Git\cmd;C:\xampp\php;C:\ProgramData\ComposerSetup\bin;C:\Program Files\Microsoft SQL Server\150\Tools\Binn\;C:\Program Files\Microsoft SQL Server\Client SDK\ODBC\170\Tools\Binn\;C:\Program Files\dotnet\;C:\Program Files\Microsoft SQL Server\Client SDK\ODBC\110\Tools\Binn\;C:\Program Files\Microsoft SQL Server\120\Tools\Binn\;C:\Program Files\nodejs\;C:\Gradle\gradle-8.1.1\bin;C:\Users\Cedric\AppData\Local\Android\Sdk\cmdline-tools\latest\bin;C:\Users\Cedric\AppData\Local\Android\Sdk\emulator;C:\Users\Cedric\AppData\Local\Android\Sdk\platform-tools;C:\Users\Cedric\AppData\Local\Android\Sdk\build-tools;C:\Program Files\Java\jdk-11\bin;;C:\Program Files\Docker\Docker\resources\bin;C:\Users\Cedric\AppData\Local\Microsoft\WindowsApps;C:\Users\Cedric\AppData\Local\Programs\Microsoft VS Code\bin;C:\Users\Cedric\AppData\Local\Google\Cloud SDK\google-cloud-sdk\bin;C:\Users\Cedric\AppData\Roaming\Composer\vendor\bin;C:\Users\Cedric\.dotnet\tools;C:\Users\Cedric\AppData\Roaming\npm;C:\src\flutter\bin\mingit\cmd
USERNAME=Cedric
OS=Windows_NT
PROCESSOR_IDENTIFIER=AMD64 Family 23 Model 104 Stepping 1, AuthenticAMD



---------------  S Y S T E M  ---------------

OS: Windows 10 , 64 bit Build 22621 (10.0.22621.4391)
OS uptime: 19 days 10:56 hours
Hyper-V role detected

CPU:total 12 (initial active 12) (12 cores per cpu, 2 threads per core) family 23 model 104 stepping 1 microcode 0x0, cmov, cx8, fxsr, mmx, sse, sse2, sse3, ssse3, sse4.1, sse4.2, popcnt, avx, avx2, aes, clmul, mmxext, 3dnowpref, lzcnt, sse4a, ht, tsc, tscinvbit, tscinv, bmi1, bmi2, adx,

Memory: 4k page, system-wide physical 7501M (39M free)
TotalPageFile size 30029M (AvailPageFile size 92M)
current process WorkingSet (physical memory assigned to process): 11M, peak: 11M
current process commit charge ("private bytes"): 64M, peak: 182M

vm_info: OpenJDK 64-Bit Server VM (11.0.11+9-b60-7590822) for windows-amd64 JRE (11.0.11+9-b60-7590822), built on Jul 29 2021 21:43:44 by "builder" with MS VC++ 14.0 (VS2015)

END.
